2025-07-02 22:33:16,402 CRIT Supervisor is running as root.  Privileges were not dropped because no user is specified in the config file.  If you intend to run as root, you can set user=root in the config file to avoid this message.
2025-07-02 22:33:16,402 INFO Included extra file "/etc/supervisor/conf.d/supervisord.conf" during parsing
2025-07-02 22:33:16,406 INFO RPC interface 'supervisor' initialized
2025-07-02 22:33:16,406 CRIT Server 'unix_http_server' running without any HTTP authentication checking
2025-07-02 22:33:16,406 INFO supervisord started with pid 95
2025-07-02 22:33:17,409 INFO spawned: 'laravel-worker_00' with pid 125
2025-07-02 22:33:17,410 INFO spawned: 'laravel-worker_01' with pid 126
2025-07-02 22:33:17,412 INFO spawned: 'laravel-worker_02' with pid 127
2025-07-02 22:33:17,413 INFO spawned: 'laravel-worker_03' with pid 128
2025-07-02 22:33:17,414 INFO spawned: 'php-fpm_00' with pid 129
2025-07-02 22:33:18,469 INFO success: laravel-worker_00 entered RUNNING state, process has stayed up for > than 1 seconds (startsecs)
2025-07-02 22:33:18,470 INFO success: laravel-worker_01 entered RUNNING state, process has stayed up for > than 1 seconds (startsecs)
2025-07-02 22:33:18,470 INFO success: laravel-worker_02 entered RUNNING state, process has stayed up for > than 1 seconds (startsecs)
2025-07-02 22:33:18,470 INFO success: laravel-worker_03 entered RUNNING state, process has stayed up for > than 1 seconds (startsecs)
2025-07-02 22:33:18,470 INFO success: php-fpm_00 entered RUNNING state, process has stayed up for > than 1 seconds (startsecs)
2025-07-02 23:33:19,589 INFO exited: laravel-worker_00 (exit status 0; expected)
2025-07-02 23:33:19,591 INFO exited: laravel-worker_01 (exit status 0; expected)
2025-07-02 23:33:19,591 INFO exited: laravel-worker_02 (exit status 0; expected)
2025-07-02 23:33:19,591 INFO exited: laravel-worker_03 (exit status 0; expected)
2025-07-02 23:33:19,598 INFO spawned: 'laravel-worker_00' with pid 169
2025-07-02 23:33:19,601 INFO spawned: 'laravel-worker_01' with pid 170
2025-07-02 23:33:19,606 INFO spawned: 'laravel-worker_02' with pid 171
2025-07-02 23:33:19,609 INFO spawned: 'laravel-worker_03' with pid 172
2025-07-02 23:33:20,611 INFO success: laravel-worker_00 entered RUNNING state, process has stayed up for > than 1 seconds (startsecs)
2025-07-02 23:33:20,612 INFO success: laravel-worker_01 entered RUNNING state, process has stayed up for > than 1 seconds (startsecs)
2025-07-02 23:33:20,612 INFO success: laravel-worker_02 entered RUNNING state, process has stayed up for > than 1 seconds (startsecs)
2025-07-02 23:33:20,612 INFO success: laravel-worker_03 entered RUNNING state, process has stayed up for > than 1 seconds (startsecs)
